[2025-07-21 00:01:43] production.ERROR: SQLSTATE[HY000] [1045] Access denied for user ''@'172.21.0.1' (using password: YES) (Connection: mysql, SQL: select * from `options`) {"exception":"[object] (Illuminate\\Database\\QueryException(code: 1045): SQLSTATE[HY000] [1045] Access denied for user ''@'172.21.0.1' (using password: YES) (Connection: mysql, SQL: select * from `options`) at C:\\Users\\sergi\\www\\codecanyon-ZMxWK5Nz-stackposts-social-marketing-tool\\stackposts_mainscript_v9.0.0\\vendor\\laravel\\framework\\src\\Illuminate\\Database\\Connection.php:825)
[stacktrace]
#0 C:\\Users\\sergi\\www\\codecanyon-ZMxWK5Nz-stackposts-social-marketing-tool\\stackposts_mainscript_v9.0.0\\vendor\\laravel\\framework\\src\\Illuminate\\Database\\Connection.php(779): Illuminate\\Database\\Connection->runQueryCallback('select * from `...', Array, Object(Closure))
#1 C:\\Users\\sergi\\www\\codecanyon-ZMxWK5Nz-stackposts-social-marketing-tool\\stackposts_mainscript_v9.0.0\\vendor\\laravel\\framework\\src\\Illuminate\\Database\\Connection.php(398): Illuminate\\Database\\Connection->run('select * from `...', Array, Object(Closure))
#2 C:\\Users\\sergi\\www\\codecanyon-ZMxWK5Nz-stackposts-social-marketing-tool\\stackposts_mainscript_v9.0.0\\vendor\\laravel\\framework\\src\\Illuminate\\Database\\Query\\Builder.php(3106): Illuminate\\Database\\Connection->select('select * from `...', Array, true)
#3 C:\\Users\\sergi\\www\\codecanyon-ZMxWK5Nz-stackposts-social-marketing-tool\\stackposts_mainscript_v9.0.0\\vendor\\laravel\\framework\\src\\Illuminate\\Database\\Query\\Builder.php(3091): Illuminate\\Database\\Query\\Builder->runSelect()
#4 C:\\Users\\sergi\\www\\codecanyon-ZMxWK5Nz-stackposts-social-marketing-tool\\stackposts_mainscript_v9.0.0\\vendor\\laravel\\framework\\src\\Illuminate\\Database\\Query\\Builder.php(3676): Illuminate\\Database\\Query\\Builder->Illuminate\\Database\\Query\\{closure}()
#5 C:\\Users\\sergi\\www\\codecanyon-ZMxWK5Nz-stackposts-social-marketing-tool\\stackposts_mainscript_v9.0.0\\vendor\\laravel\\framework\\src\\Illuminate\\Database\\Query\\Builder.php(3090): Illuminate\\Database\\Query\\Builder->onceWithColumns(Array, Object(Closure))
#6 C:\\Users\\sergi\\www\\codecanyon-ZMxWK5Nz-stackposts-social-marketing-tool\\stackposts_mainscript_v9.0.0\\app\\Providers\\AppServiceProvider.php(144): Illuminate\\Database\\Query\\Builder->get()
#7 C:\\Users\\sergi\\www\\codecanyon-ZMxWK5Nz-stackposts-social-marketing-tool\\stackposts_mainscript_v9.0.0\\app\\Providers\\AppServiceProvider.php(69): App\\Providers\\AppServiceProvider->registerDB()
#8 C:\\Users\\sergi\\www\\codecanyon-ZMxWK5Nz-stackposts-social-marketing-tool\\stackposts_mainscript_v9.0.0\\vendor\\laravel\\framework\\src\\Illuminate\\Container\\BoundMethod.php(36): App\\Providers\\AppServiceProvider->boot()
#9 C:\\Users\\sergi\\www\\codecanyon-ZMxWK5Nz-stackposts-social-marketing-tool\\stackposts_mainscript_v9.0.0\\vendor\\laravel\\framework\\src\\Illuminate\\Container\\Util.php(43): Illuminate\\Container\\BoundMethod::Illuminate\\Container\\{closure}()
#10 C:\\Users\\sergi\\www\\codecanyon-ZMxWK5Nz-stackposts-social-marketing-tool\\stackposts_mainscript_v9.0.0\\vendor\\laravel\\framework\\src\\Illuminate\\Container\\BoundMethod.php(95): Illuminate\\Container\\Util::unwrapIfClosure(Object(Closure))
#11 C:\\Users\\sergi\\www\\codecanyon-ZMxWK5Nz-stackposts-social-marketing-tool\\stackposts_mainscript_v9.0.0\\vendor\\laravel\\framework\\src\\Illuminate\\Container\\BoundMethod.php(35): Illuminate\\Container\\BoundMethod::callBoundMethod(Object(Illuminate\\Foundation\\Application), Array, Object(Closure))
#12 C:\\Users\\sergi\\www\\codecanyon-ZMxWK5Nz-stackposts-social-marketing-tool\\stackposts_mainscript_v9.0.0\\vendor\\laravel\\framework\\src\\Illuminate\\Container\\Container.php(696): Illuminate\\Container\\BoundMethod::call(Object(Illuminate\\Foundation\\Application), Array, Array, NULL)
#13 C:\\Users\\sergi\\www\\codecanyon-ZMxWK5Nz-stackposts-social-marketing-tool\\stackposts_mainscript_v9.0.0\\vendor\\laravel\\framework\\src\\Illuminate\\Foundation\\Application.php(1151): Illuminate\\Container\\Container->call(Array)
#14 C:\\Users\\sergi\\www\\codecanyon-ZMxWK5Nz-stackposts-social-marketing-tool\\stackposts_mainscript_v9.0.0\\vendor\\laravel\\framework\\src\\Illuminate\\Foundation\\Application.php(1132): Illuminate\\Foundation\\Application->bootProvider(Object(App\\Providers\\AppServiceProvider))
#15 [internal function]: Illuminate\\Foundation\\Application->Illuminate\\Foundation\\{closure}(Object(App\\Providers\\AppServiceProvider), 'App\\\\Providers\\\\A...')
#16 C:\\Users\\sergi\\www\\codecanyon-ZMxWK5Nz-stackposts-social-marketing-tool\\stackposts_mainscript_v9.0.0\\vendor\\laravel\\framework\\src\\Illuminate\\Foundation\\Application.php(1131): array_walk(Array, Object(Closure))
#17 C:\\Users\\sergi\\www\\codecanyon-ZMxWK5Nz-stackposts-social-marketing-tool\\stackposts_mainscript_v9.0.0\\vendor\\laravel\\framework\\src\\Illuminate\\Foundation\\Bootstrap\\BootProviders.php(17): Illuminate\\Foundation\\Application->boot()
#18 C:\\Users\\sergi\\www\\codecanyon-ZMxWK5Nz-stackposts-social-marketing-tool\\stackposts_mainscript_v9.0.0\\vendor\\laravel\\framework\\src\\Illuminate\\Foundation\\Application.php(342): Illuminate\\Foundation\\Bootstrap\\BootProviders->bootstrap(Object(Illuminate\\Foundation\\Application))
#19 C:\\Users\\sergi\\www\\codecanyon-ZMxWK5Nz-stackposts-social-marketing-tool\\stackposts_mainscript_v9.0.0\\vendor\\laravel\\framework\\src\\Illuminate\\Foundation\\Console\\Kernel.php(474): Illuminate\\Foundation\\Application->bootstrapWith(Array)
#20 C:\\Users\\sergi\\www\\codecanyon-ZMxWK5Nz-stackposts-social-marketing-tool\\stackposts_mainscript_v9.0.0\\vendor\\laravel\\framework\\src\\Illuminate\\Foundation\\Console\\Kernel.php(196): Illuminate\\Foundation\\Console\\Kernel->bootstrap()
#21 C:\\Users\\sergi\\www\\codecanyon-ZMxWK5Nz-stackposts-social-marketing-tool\\stackposts_mainscript_v9.0.0\\vendor\\laravel\\framework\\src\\Illuminate\\Foundation\\Application.php(1235): Illuminate\\Foundation\\Console\\Kernel->handle(Object(Symfony\\Component\\Console\\Input\\ArgvInput), Object(Symfony\\Component\\Console\\Output\\ConsoleOutput))
#22 C:\\Users\\sergi\\www\\codecanyon-ZMxWK5Nz-stackposts-social-marketing-tool\\stackposts_mainscript_v9.0.0\\artisan(13): Illuminate\\Foundation\\Application->handleCommand(Object(Symfony\\Component\\Console\\Input\\ArgvInput))
#23 {main}

[previous exception] [object] (PDOException(code: 1045): SQLSTATE[HY000] [1045] Access denied for user ''@'172.21.0.1' (using password: YES) at C:\\Users\\sergi\\www\\codecanyon-ZMxWK5Nz-stackposts-social-marketing-tool\\stackposts_mainscript_v9.0.0\\vendor\\laravel\\framework\\src\\Illuminate\\Database\\Connectors\\Connector.php:66)
[stacktrace]
#0 C:\\Users\\sergi\\www\\codecanyon-ZMxWK5Nz-stackposts-social-marketing-tool\\stackposts_mainscript_v9.0.0\\vendor\\laravel\\framework\\src\\Illuminate\\Database\\Connectors\\Connector.php(66): PDO->__construct('mysql:host=loca...', '', Object(SensitiveParameterValue), Array)
#1 C:\\Users\\sergi\\www\\codecanyon-ZMxWK5Nz-stackposts-social-marketing-tool\\stackposts_mainscript_v9.0.0\\vendor\\laravel\\framework\\src\\Illuminate\\Database\\Connectors\\Connector.php(44): Illuminate\\Database\\Connectors\\Connector->createPdoConnection('mysql:host=loca...', '', Object(SensitiveParameterValue), Array)
#2 C:\\Users\\sergi\\www\\codecanyon-ZMxWK5Nz-stackposts-social-marketing-tool\\stackposts_mainscript_v9.0.0\\vendor\\laravel\\framework\\src\\Illuminate\\Database\\Connectors\\MySqlConnector.php(24): Illuminate\\Database\\Connectors\\Connector->createConnection('mysql:host=loca...', Array, Array)
#3 C:\\Users\\sergi\\www\\codecanyon-ZMxWK5Nz-stackposts-social-marketing-tool\\stackposts_mainscript_v9.0.0\\vendor\\laravel\\framework\\src\\Illuminate\\Database\\Connectors\\ConnectionFactory.php(185): Illuminate\\Database\\Connectors\\MySqlConnector->connect(Array)
#4 [internal function]: Illuminate\\Database\\Connectors\\ConnectionFactory->Illuminate\\Database\\Connectors\\{closure}()
#5 C:\\Users\\sergi\\www\\codecanyon-ZMxWK5Nz-stackposts-social-marketing-tool\\stackposts_mainscript_v9.0.0\\vendor\\laravel\\framework\\src\\Illuminate\\Database\\Connection.php(1231): call_user_func(Object(Closure))
#6 C:\\Users\\sergi\\www\\codecanyon-ZMxWK5Nz-stackposts-social-marketing-tool\\stackposts_mainscript_v9.0.0\\vendor\\laravel\\framework\\src\\Illuminate\\Database\\Connection.php(1267): Illuminate\\Database\\Connection->getPdo()
#7 C:\\Users\\sergi\\www\\codecanyon-ZMxWK5Nz-stackposts-social-marketing-tool\\stackposts_mainscript_v9.0.0\\vendor\\laravel\\framework\\src\\Illuminate\\Database\\Connection.php(512): Illuminate\\Database\\Connection->getReadPdo()
#8 C:\\Users\\sergi\\www\\codecanyon-ZMxWK5Nz-stackposts-social-marketing-tool\\stackposts_mainscript_v9.0.0\\vendor\\laravel\\framework\\src\\Illuminate\\Database\\Connection.php(407): Illuminate\\Database\\Connection->getPdoForSelect(true)
#9 C:\\Users\\sergi\\www\\codecanyon-ZMxWK5Nz-stackposts-social-marketing-tool\\stackposts_mainscript_v9.0.0\\vendor\\laravel\\framework\\src\\Illuminate\\Database\\Connection.php(812): Illuminate\\Database\\Connection->Illuminate\\Database\\{closure}('select * from `...', Array)
#10 C:\\Users\\sergi\\www\\codecanyon-ZMxWK5Nz-stackposts-social-marketing-tool\\stackposts_mainscript_v9.0.0\\vendor\\laravel\\framework\\src\\Illuminate\\Database\\Connection.php(779): Illuminate\\Database\\Connection->runQueryCallback('select * from `...', Array, Object(Closure))
#11 C:\\Users\\sergi\\www\\codecanyon-ZMxWK5Nz-stackposts-social-marketing-tool\\stackposts_mainscript_v9.0.0\\vendor\\laravel\\framework\\src\\Illuminate\\Database\\Connection.php(398): Illuminate\\Database\\Connection->run('select * from `...', Array, Object(Closure))
#12 C:\\Users\\sergi\\www\\codecanyon-ZMxWK5Nz-stackposts-social-marketing-tool\\stackposts_mainscript_v9.0.0\\vendor\\laravel\\framework\\src\\Illuminate\\Database\\Query\\Builder.php(3106): Illuminate\\Database\\Connection->select('select * from `...', Array, true)
#13 C:\\Users\\sergi\\www\\codecanyon-ZMxWK5Nz-stackposts-social-marketing-tool\\stackposts_mainscript_v9.0.0\\vendor\\laravel\\framework\\src\\Illuminate\\Database\\Query\\Builder.php(3091): Illuminate\\Database\\Query\\Builder->runSelect()
#14 C:\\Users\\sergi\\www\\codecanyon-ZMxWK5Nz-stackposts-social-marketing-tool\\stackposts_mainscript_v9.0.0\\vendor\\laravel\\framework\\src\\Illuminate\\Database\\Query\\Builder.php(3676): Illuminate\\Database\\Query\\Builder->Illuminate\\Database\\Query\\{closure}()
#15 C:\\Users\\sergi\\www\\codecanyon-ZMxWK5Nz-stackposts-social-marketing-tool\\stackposts_mainscript_v9.0.0\\vendor\\laravel\\framework\\src\\Illuminate\\Database\\Query\\Builder.php(3090): Illuminate\\Database\\Query\\Builder->onceWithColumns(Array, Object(Closure))
#16 C:\\Users\\sergi\\www\\codecanyon-ZMxWK5Nz-stackposts-social-marketing-tool\\stackposts_mainscript_v9.0.0\\app\\Providers\\AppServiceProvider.php(144): Illuminate\\Database\\Query\\Builder->get()
#17 C:\\Users\\sergi\\www\\codecanyon-ZMxWK5Nz-stackposts-social-marketing-tool\\stackposts_mainscript_v9.0.0\\app\\Providers\\AppServiceProvider.php(69): App\\Providers\\AppServiceProvider->registerDB()
#18 C:\\Users\\sergi\\www\\codecanyon-ZMxWK5Nz-stackposts-social-marketing-tool\\stackposts_mainscript_v9.0.0\\vendor\\laravel\\framework\\src\\Illuminate\\Container\\BoundMethod.php(36): App\\Providers\\AppServiceProvider->boot()
#19 C:\\Users\\sergi\\www\\codecanyon-ZMxWK5Nz-stackposts-social-marketing-tool\\stackposts_mainscript_v9.0.0\\vendor\\laravel\\framework\\src\\Illuminate\\Container\\Util.php(43): Illuminate\\Container\\BoundMethod::Illuminate\\Container\\{closure}()
#20 C:\\Users\\sergi\\www\\codecanyon-ZMxWK5Nz-stackposts-social-marketing-tool\\stackposts_mainscript_v9.0.0\\vendor\\laravel\\framework\\src\\Illuminate\\Container\\BoundMethod.php(95): Illuminate\\Container\\Util::unwrapIfClosure(Object(Closure))
#21 C:\\Users\\sergi\\www\\codecanyon-ZMxWK5Nz-stackposts-social-marketing-tool\\stackposts_mainscript_v9.0.0\\vendor\\laravel\\framework\\src\\Illuminate\\Container\\BoundMethod.php(35): Illuminate\\Container\\BoundMethod::callBoundMethod(Object(Illuminate\\Foundation\\Application), Array, Object(Closure))
#22 C:\\Users\\sergi\\www\\codecanyon-ZMxWK5Nz-stackposts-social-marketing-tool\\stackposts_mainscript_v9.0.0\\vendor\\laravel\\framework\\src\\Illuminate\\Container\\Container.php(696): Illuminate\\Container\\BoundMethod::call(Object(Illuminate\\Foundation\\Application), Array, Array, NULL)
#23 C:\\Users\\sergi\\www\\codecanyon-ZMxWK5Nz-stackposts-social-marketing-tool\\stackposts_mainscript_v9.0.0\\vendor\\laravel\\framework\\src\\Illuminate\\Foundation\\Application.php(1151): Illuminate\\Container\\Container->call(Array)
#24 C:\\Users\\sergi\\www\\codecanyon-ZMxWK5Nz-stackposts-social-marketing-tool\\stackposts_mainscript_v9.0.0\\vendor\\laravel\\framework\\src\\Illuminate\\Foundation\\Application.php(1132): Illuminate\\Foundation\\Application->bootProvider(Object(App\\Providers\\AppServiceProvider))
#25 [internal function]: Illuminate\\Foundation\\Application->Illuminate\\Foundation\\{closure}(Object(App\\Providers\\AppServiceProvider), 'App\\\\Providers\\\\A...')
#26 C:\\Users\\sergi\\www\\codecanyon-ZMxWK5Nz-stackposts-social-marketing-tool\\stackposts_mainscript_v9.0.0\\vendor\\laravel\\framework\\src\\Illuminate\\Foundation\\Application.php(1131): array_walk(Array, Object(Closure))
#27 C:\\Users\\sergi\\www\\codecanyon-ZMxWK5Nz-stackposts-social-marketing-tool\\stackposts_mainscript_v9.0.0\\vendor\\laravel\\framework\\src\\Illuminate\\Foundation\\Bootstrap\\BootProviders.php(17): Illuminate\\Foundation\\Application->boot()
#28 C:\\Users\\sergi\\www\\codecanyon-ZMxWK5Nz-stackposts-social-marketing-tool\\stackposts_mainscript_v9.0.0\\vendor\\laravel\\framework\\src\\Illuminate\\Foundation\\Application.php(342): Illuminate\\Foundation\\Bootstrap\\BootProviders->bootstrap(Object(Illuminate\\Foundation\\Application))
#29 C:\\Users\\sergi\\www\\codecanyon-ZMxWK5Nz-stackposts-social-marketing-tool\\stackposts_mainscript_v9.0.0\\vendor\\laravel\\framework\\src\\Illuminate\\Foundation\\Console\\Kernel.php(474): Illuminate\\Foundation\\Application->bootstrapWith(Array)
#30 C:\\Users\\sergi\\www\\codecanyon-ZMxWK5Nz-stackposts-social-marketing-tool\\stackposts_mainscript_v9.0.0\\vendor\\laravel\\framework\\src\\Illuminate\\Foundation\\Console\\Kernel.php(196): Illuminate\\Foundation\\Console\\Kernel->bootstrap()
#31 C:\\Users\\sergi\\www\\codecanyon-ZMxWK5Nz-stackposts-social-marketing-tool\\stackposts_mainscript_v9.0.0\\vendor\\laravel\\framework\\src\\Illuminate\\Foundation\\Application.php(1235): Illuminate\\Foundation\\Console\\Kernel->handle(Object(Symfony\\Component\\Console\\Input\\ArgvInput), Object(Symfony\\Component\\Console\\Output\\ConsoleOutput))
#32 C:\\Users\\sergi\\www\\codecanyon-ZMxWK5Nz-stackposts-social-marketing-tool\\stackposts_mainscript_v9.0.0\\artisan(13): Illuminate\\Foundation\\Application->handleCommand(Object(Symfony\\Component\\Console\\Input\\ArgvInput))
#33 {main}
"} 
[2025-07-21 00:02:13] production.ERROR: SQLSTATE[42S02]: Base table or view not found: 1146 Table 'stackpost.options' doesn't exist (Connection: mysql, SQL: select * from `options`) {"exception":"[object] (Illuminate\\Database\\QueryException(code: 42S02): SQLSTATE[42S02]: Base table or view not found: 1146 Table 'stackpost.options' doesn't exist (Connection: mysql, SQL: select * from `options`) at C:\\Users\\sergi\\www\\codecanyon-ZMxWK5Nz-stackposts-social-marketing-tool\\stackposts_mainscript_v9.0.0\\vendor\\laravel\\framework\\src\\Illuminate\\Database\\Connection.php:825)
[stacktrace]
#0 C:\\Users\\sergi\\www\\codecanyon-ZMxWK5Nz-stackposts-social-marketing-tool\\stackposts_mainscript_v9.0.0\\vendor\\laravel\\framework\\src\\Illuminate\\Database\\Connection.php(779): Illuminate\\Database\\Connection->runQueryCallback('select * from `...', Array, Object(Closure))
#1 C:\\Users\\sergi\\www\\codecanyon-ZMxWK5Nz-stackposts-social-marketing-tool\\stackposts_mainscript_v9.0.0\\vendor\\laravel\\framework\\src\\Illuminate\\Database\\Connection.php(398): Illuminate\\Database\\Connection->run('select * from `...', Array, Object(Closure))
#2 C:\\Users\\sergi\\www\\codecanyon-ZMxWK5Nz-stackposts-social-marketing-tool\\stackposts_mainscript_v9.0.0\\vendor\\laravel\\framework\\src\\Illuminate\\Database\\Query\\Builder.php(3106): Illuminate\\Database\\Connection->select('select * from `...', Array, true)
#3 C:\\Users\\sergi\\www\\codecanyon-ZMxWK5Nz-stackposts-social-marketing-tool\\stackposts_mainscript_v9.0.0\\vendor\\laravel\\framework\\src\\Illuminate\\Database\\Query\\Builder.php(3091): Illuminate\\Database\\Query\\Builder->runSelect()
#4 C:\\Users\\sergi\\www\\codecanyon-ZMxWK5Nz-stackposts-social-marketing-tool\\stackposts_mainscript_v9.0.0\\vendor\\laravel\\framework\\src\\Illuminate\\Database\\Query\\Builder.php(3676): Illuminate\\Database\\Query\\Builder->Illuminate\\Database\\Query\\{closure}()
#5 C:\\Users\\sergi\\www\\codecanyon-ZMxWK5Nz-stackposts-social-marketing-tool\\stackposts_mainscript_v9.0.0\\vendor\\laravel\\framework\\src\\Illuminate\\Database\\Query\\Builder.php(3090): Illuminate\\Database\\Query\\Builder->onceWithColumns(Array, Object(Closure))
#6 C:\\Users\\sergi\\www\\codecanyon-ZMxWK5Nz-stackposts-social-marketing-tool\\stackposts_mainscript_v9.0.0\\app\\Providers\\AppServiceProvider.php(144): Illuminate\\Database\\Query\\Builder->get()
#7 C:\\Users\\sergi\\www\\codecanyon-ZMxWK5Nz-stackposts-social-marketing-tool\\stackposts_mainscript_v9.0.0\\app\\Providers\\AppServiceProvider.php(69): App\\Providers\\AppServiceProvider->registerDB()
#8 C:\\Users\\sergi\\www\\codecanyon-ZMxWK5Nz-stackposts-social-marketing-tool\\stackposts_mainscript_v9.0.0\\vendor\\laravel\\framework\\src\\Illuminate\\Container\\BoundMethod.php(36): App\\Providers\\AppServiceProvider->boot()
#9 C:\\Users\\sergi\\www\\codecanyon-ZMxWK5Nz-stackposts-social-marketing-tool\\stackposts_mainscript_v9.0.0\\vendor\\laravel\\framework\\src\\Illuminate\\Container\\Util.php(43): Illuminate\\Container\\BoundMethod::Illuminate\\Container\\{closure}()
#10 C:\\Users\\sergi\\www\\codecanyon-ZMxWK5Nz-stackposts-social-marketing-tool\\stackposts_mainscript_v9.0.0\\vendor\\laravel\\framework\\src\\Illuminate\\Container\\BoundMethod.php(95): Illuminate\\Container\\Util::unwrapIfClosure(Object(Closure))
#11 C:\\Users\\sergi\\www\\codecanyon-ZMxWK5Nz-stackposts-social-marketing-tool\\stackposts_mainscript_v9.0.0\\vendor\\laravel\\framework\\src\\Illuminate\\Container\\BoundMethod.php(35): Illuminate\\Container\\BoundMethod::callBoundMethod(Object(Illuminate\\Foundation\\Application), Array, Object(Closure))
#12 C:\\Users\\sergi\\www\\codecanyon-ZMxWK5Nz-stackposts-social-marketing-tool\\stackposts_mainscript_v9.0.0\\vendor\\laravel\\framework\\src\\Illuminate\\Container\\Container.php(696): Illuminate\\Container\\BoundMethod::call(Object(Illuminate\\Foundation\\Application), Array, Array, NULL)
#13 C:\\Users\\sergi\\www\\codecanyon-ZMxWK5Nz-stackposts-social-marketing-tool\\stackposts_mainscript_v9.0.0\\vendor\\laravel\\framework\\src\\Illuminate\\Foundation\\Application.php(1151): Illuminate\\Container\\Container->call(Array)
#14 C:\\Users\\sergi\\www\\codecanyon-ZMxWK5Nz-stackposts-social-marketing-tool\\stackposts_mainscript_v9.0.0\\vendor\\laravel\\framework\\src\\Illuminate\\Foundation\\Application.php(1132): Illuminate\\Foundation\\Application->bootProvider(Object(App\\Providers\\AppServiceProvider))
#15 [internal function]: Illuminate\\Foundation\\Application->Illuminate\\Foundation\\{closure}(Object(App\\Providers\\AppServiceProvider), 'App\\\\Providers\\\\A...')
#16 C:\\Users\\sergi\\www\\codecanyon-ZMxWK5Nz-stackposts-social-marketing-tool\\stackposts_mainscript_v9.0.0\\vendor\\laravel\\framework\\src\\Illuminate\\Foundation\\Application.php(1131): array_walk(Array, Object(Closure))
#17 C:\\Users\\sergi\\www\\codecanyon-ZMxWK5Nz-stackposts-social-marketing-tool\\stackposts_mainscript_v9.0.0\\vendor\\laravel\\framework\\src\\Illuminate\\Foundation\\Bootstrap\\BootProviders.php(17): Illuminate\\Foundation\\Application->boot()
#18 C:\\Users\\sergi\\www\\codecanyon-ZMxWK5Nz-stackposts-social-marketing-tool\\stackposts_mainscript_v9.0.0\\vendor\\laravel\\framework\\src\\Illuminate\\Foundation\\Application.php(342): Illuminate\\Foundation\\Bootstrap\\BootProviders->bootstrap(Object(Illuminate\\Foundation\\Application))
#19 C:\\Users\\sergi\\www\\codecanyon-ZMxWK5Nz-stackposts-social-marketing-tool\\stackposts_mainscript_v9.0.0\\vendor\\laravel\\framework\\src\\Illuminate\\Foundation\\Console\\Kernel.php(474): Illuminate\\Foundation\\Application->bootstrapWith(Array)
#20 C:\\Users\\sergi\\www\\codecanyon-ZMxWK5Nz-stackposts-social-marketing-tool\\stackposts_mainscript_v9.0.0\\vendor\\laravel\\framework\\src\\Illuminate\\Foundation\\Console\\Kernel.php(196): Illuminate\\Foundation\\Console\\Kernel->bootstrap()
#21 C:\\Users\\sergi\\www\\codecanyon-ZMxWK5Nz-stackposts-social-marketing-tool\\stackposts_mainscript_v9.0.0\\vendor\\laravel\\framework\\src\\Illuminate\\Foundation\\Application.php(1235): Illuminate\\Foundation\\Console\\Kernel->handle(Object(Symfony\\Component\\Console\\Input\\ArgvInput), Object(Symfony\\Component\\Console\\Output\\ConsoleOutput))
#22 C:\\Users\\sergi\\www\\codecanyon-ZMxWK5Nz-stackposts-social-marketing-tool\\stackposts_mainscript_v9.0.0\\artisan(13): Illuminate\\Foundation\\Application->handleCommand(Object(Symfony\\Component\\Console\\Input\\ArgvInput))
#23 {main}

[previous exception] [object] (PDOException(code: 42S02): SQLSTATE[42S02]: Base table or view not found: 1146 Table 'stackpost.options' doesn't exist at C:\\Users\\sergi\\www\\codecanyon-ZMxWK5Nz-stackposts-social-marketing-tool\\stackposts_mainscript_v9.0.0\\vendor\\laravel\\framework\\src\\Illuminate\\Database\\Connection.php:407)
[stacktrace]
#0 C:\\Users\\sergi\\www\\codecanyon-ZMxWK5Nz-stackposts-social-marketing-tool\\stackposts_mainscript_v9.0.0\\vendor\\laravel\\framework\\src\\Illuminate\\Database\\Connection.php(407): PDO->prepare('select * from `...')
#1 C:\\Users\\sergi\\www\\codecanyon-ZMxWK5Nz-stackposts-social-marketing-tool\\stackposts_mainscript_v9.0.0\\vendor\\laravel\\framework\\src\\Illuminate\\Database\\Connection.php(812): Illuminate\\Database\\Connection->Illuminate\\Database\\{closure}('select * from `...', Array)
#2 C:\\Users\\sergi\\www\\codecanyon-ZMxWK5Nz-stackposts-social-marketing-tool\\stackposts_mainscript_v9.0.0\\vendor\\laravel\\framework\\src\\Illuminate\\Database\\Connection.php(779): Illuminate\\Database\\Connection->runQueryCallback('select * from `...', Array, Object(Closure))
#3 C:\\Users\\sergi\\www\\codecanyon-ZMxWK5Nz-stackposts-social-marketing-tool\\stackposts_mainscript_v9.0.0\\vendor\\laravel\\framework\\src\\Illuminate\\Database\\Connection.php(398): Illuminate\\Database\\Connection->run('select * from `...', Array, Object(Closure))
#4 C:\\Users\\sergi\\www\\codecanyon-ZMxWK5Nz-stackposts-social-marketing-tool\\stackposts_mainscript_v9.0.0\\vendor\\laravel\\framework\\src\\Illuminate\\Database\\Query\\Builder.php(3106): Illuminate\\Database\\Connection->select('select * from `...', Array, true)
#5 C:\\Users\\sergi\\www\\codecanyon-ZMxWK5Nz-stackposts-social-marketing-tool\\stackposts_mainscript_v9.0.0\\vendor\\laravel\\framework\\src\\Illuminate\\Database\\Query\\Builder.php(3091): Illuminate\\Database\\Query\\Builder->runSelect()
#6 C:\\Users\\sergi\\www\\codecanyon-ZMxWK5Nz-stackposts-social-marketing-tool\\stackposts_mainscript_v9.0.0\\vendor\\laravel\\framework\\src\\Illuminate\\Database\\Query\\Builder.php(3676): Illuminate\\Database\\Query\\Builder->Illuminate\\Database\\Query\\{closure}()
#7 C:\\Users\\sergi\\www\\codecanyon-ZMxWK5Nz-stackposts-social-marketing-tool\\stackposts_mainscript_v9.0.0\\vendor\\laravel\\framework\\src\\Illuminate\\Database\\Query\\Builder.php(3090): Illuminate\\Database\\Query\\Builder->onceWithColumns(Array, Object(Closure))
#8 C:\\Users\\sergi\\www\\codecanyon-ZMxWK5Nz-stackposts-social-marketing-tool\\stackposts_mainscript_v9.0.0\\app\\Providers\\AppServiceProvider.php(144): Illuminate\\Database\\Query\\Builder->get()
#9 C:\\Users\\sergi\\www\\codecanyon-ZMxWK5Nz-stackposts-social-marketing-tool\\stackposts_mainscript_v9.0.0\\app\\Providers\\AppServiceProvider.php(69): App\\Providers\\AppServiceProvider->registerDB()
#10 C:\\Users\\sergi\\www\\codecanyon-ZMxWK5Nz-stackposts-social-marketing-tool\\stackposts_mainscript_v9.0.0\\vendor\\laravel\\framework\\src\\Illuminate\\Container\\BoundMethod.php(36): App\\Providers\\AppServiceProvider->boot()
#11 C:\\Users\\sergi\\www\\codecanyon-ZMxWK5Nz-stackposts-social-marketing-tool\\stackposts_mainscript_v9.0.0\\vendor\\laravel\\framework\\src\\Illuminate\\Container\\Util.php(43): Illuminate\\Container\\BoundMethod::Illuminate\\Container\\{closure}()
#12 C:\\Users\\sergi\\www\\codecanyon-ZMxWK5Nz-stackposts-social-marketing-tool\\stackposts_mainscript_v9.0.0\\vendor\\laravel\\framework\\src\\Illuminate\\Container\\BoundMethod.php(95): Illuminate\\Container\\Util::unwrapIfClosure(Object(Closure))
#13 C:\\Users\\sergi\\www\\codecanyon-ZMxWK5Nz-stackposts-social-marketing-tool\\stackposts_mainscript_v9.0.0\\vendor\\laravel\\framework\\src\\Illuminate\\Container\\BoundMethod.php(35): Illuminate\\Container\\BoundMethod::callBoundMethod(Object(Illuminate\\Foundation\\Application), Array, Object(Closure))
#14 C:\\Users\\sergi\\www\\codecanyon-ZMxWK5Nz-stackposts-social-marketing-tool\\stackposts_mainscript_v9.0.0\\vendor\\laravel\\framework\\src\\Illuminate\\Container\\Container.php(696): Illuminate\\Container\\BoundMethod::call(Object(Illuminate\\Foundation\\Application), Array, Array, NULL)
#15 C:\\Users\\sergi\\www\\codecanyon-ZMxWK5Nz-stackposts-social-marketing-tool\\stackposts_mainscript_v9.0.0\\vendor\\laravel\\framework\\src\\Illuminate\\Foundation\\Application.php(1151): Illuminate\\Container\\Container->call(Array)
#16 C:\\Users\\sergi\\www\\codecanyon-ZMxWK5Nz-stackposts-social-marketing-tool\\stackposts_mainscript_v9.0.0\\vendor\\laravel\\framework\\src\\Illuminate\\Foundation\\Application.php(1132): Illuminate\\Foundation\\Application->bootProvider(Object(App\\Providers\\AppServiceProvider))
#17 [internal function]: Illuminate\\Foundation\\Application->Illuminate\\Foundation\\{closure}(Object(App\\Providers\\AppServiceProvider), 'App\\\\Providers\\\\A...')
#18 C:\\Users\\sergi\\www\\codecanyon-ZMxWK5Nz-stackposts-social-marketing-tool\\stackposts_mainscript_v9.0.0\\vendor\\laravel\\framework\\src\\Illuminate\\Foundation\\Application.php(1131): array_walk(Array, Object(Closure))
#19 C:\\Users\\sergi\\www\\codecanyon-ZMxWK5Nz-stackposts-social-marketing-tool\\stackposts_mainscript_v9.0.0\\vendor\\laravel\\framework\\src\\Illuminate\\Foundation\\Bootstrap\\BootProviders.php(17): Illuminate\\Foundation\\Application->boot()
#20 C:\\Users\\sergi\\www\\codecanyon-ZMxWK5Nz-stackposts-social-marketing-tool\\stackposts_mainscript_v9.0.0\\vendor\\laravel\\framework\\src\\Illuminate\\Foundation\\Application.php(342): Illuminate\\Foundation\\Bootstrap\\BootProviders->bootstrap(Object(Illuminate\\Foundation\\Application))
#21 C:\\Users\\sergi\\www\\codecanyon-ZMxWK5Nz-stackposts-social-marketing-tool\\stackposts_mainscript_v9.0.0\\vendor\\laravel\\framework\\src\\Illuminate\\Foundation\\Console\\Kernel.php(474): Illuminate\\Foundation\\Application->bootstrapWith(Array)
#22 C:\\Users\\sergi\\www\\codecanyon-ZMxWK5Nz-stackposts-social-marketing-tool\\stackposts_mainscript_v9.0.0\\vendor\\laravel\\framework\\src\\Illuminate\\Foundation\\Console\\Kernel.php(196): Illuminate\\Foundation\\Console\\Kernel->bootstrap()
#23 C:\\Users\\sergi\\www\\codecanyon-ZMxWK5Nz-stackposts-social-marketing-tool\\stackposts_mainscript_v9.0.0\\vendor\\laravel\\framework\\src\\Illuminate\\Foundation\\Application.php(1235): Illuminate\\Foundation\\Console\\Kernel->handle(Object(Symfony\\Component\\Console\\Input\\ArgvInput), Object(Symfony\\Component\\Console\\Output\\ConsoleOutput))
#24 C:\\Users\\sergi\\www\\codecanyon-ZMxWK5Nz-stackposts-social-marketing-tool\\stackposts_mainscript_v9.0.0\\artisan(13): Illuminate\\Foundation\\Application->handleCommand(Object(Symfony\\Component\\Console\\Input\\ArgvInput))
#25 {main}
"} 
[2025-07-21 00:02:15] production.ERROR: SQLSTATE[42S02]: Base table or view not found: 1146 Table 'stackpost.options' doesn't exist (Connection: mysql, SQL: select * from `options`) {"exception":"[object] (Illuminate\\Database\\QueryException(code: 42S02): SQLSTATE[42S02]: Base table or view not found: 1146 Table 'stackpost.options' doesn't exist (Connection: mysql, SQL: select * from `options`) at C:\\Users\\sergi\\www\\codecanyon-ZMxWK5Nz-stackposts-social-marketing-tool\\stackposts_mainscript_v9.0.0\\vendor\\laravel\\framework\\src\\Illuminate\\Database\\Connection.php:825)
[stacktrace]
#0 C:\\Users\\sergi\\www\\codecanyon-ZMxWK5Nz-stackposts-social-marketing-tool\\stackposts_mainscript_v9.0.0\\vendor\\laravel\\framework\\src\\Illuminate\\Database\\Connection.php(779): Illuminate\\Database\\Connection->runQueryCallback('select * from `...', Array, Object(Closure))
#1 C:\\Users\\sergi\\www\\codecanyon-ZMxWK5Nz-stackposts-social-marketing-tool\\stackposts_mainscript_v9.0.0\\vendor\\laravel\\framework\\src\\Illuminate\\Database\\Connection.php(398): Illuminate\\Database\\Connection->run('select * from `...', Array, Object(Closure))
#2 C:\\Users\\sergi\\www\\codecanyon-ZMxWK5Nz-stackposts-social-marketing-tool\\stackposts_mainscript_v9.0.0\\vendor\\laravel\\framework\\src\\Illuminate\\Database\\Query\\Builder.php(3106): Illuminate\\Database\\Connection->select('select * from `...', Array, true)
#3 C:\\Users\\sergi\\www\\codecanyon-ZMxWK5Nz-stackposts-social-marketing-tool\\stackposts_mainscript_v9.0.0\\vendor\\laravel\\framework\\src\\Illuminate\\Database\\Query\\Builder.php(3091): Illuminate\\Database\\Query\\Builder->runSelect()
#4 C:\\Users\\sergi\\www\\codecanyon-ZMxWK5Nz-stackposts-social-marketing-tool\\stackposts_mainscript_v9.0.0\\vendor\\laravel\\framework\\src\\Illuminate\\Database\\Query\\Builder.php(3676): Illuminate\\Database\\Query\\Builder->Illuminate\\Database\\Query\\{closure}()
#5 C:\\Users\\sergi\\www\\codecanyon-ZMxWK5Nz-stackposts-social-marketing-tool\\stackposts_mainscript_v9.0.0\\vendor\\laravel\\framework\\src\\Illuminate\\Database\\Query\\Builder.php(3090): Illuminate\\Database\\Query\\Builder->onceWithColumns(Array, Object(Closure))
#6 C:\\Users\\sergi\\www\\codecanyon-ZMxWK5Nz-stackposts-social-marketing-tool\\stackposts_mainscript_v9.0.0\\app\\Providers\\AppServiceProvider.php(144): Illuminate\\Database\\Query\\Builder->get()
#7 C:\\Users\\sergi\\www\\codecanyon-ZMxWK5Nz-stackposts-social-marketing-tool\\stackposts_mainscript_v9.0.0\\app\\Providers\\AppServiceProvider.php(69): App\\Providers\\AppServiceProvider->registerDB()
#8 C:\\Users\\sergi\\www\\codecanyon-ZMxWK5Nz-stackposts-social-marketing-tool\\stackposts_mainscript_v9.0.0\\vendor\\laravel\\framework\\src\\Illuminate\\Container\\BoundMethod.php(36): App\\Providers\\AppServiceProvider->boot()
#9 C:\\Users\\sergi\\www\\codecanyon-ZMxWK5Nz-stackposts-social-marketing-tool\\stackposts_mainscript_v9.0.0\\vendor\\laravel\\framework\\src\\Illuminate\\Container\\Util.php(43): Illuminate\\Container\\BoundMethod::Illuminate\\Container\\{closure}()
#10 C:\\Users\\sergi\\www\\codecanyon-ZMxWK5Nz-stackposts-social-marketing-tool\\stackposts_mainscript_v9.0.0\\vendor\\laravel\\framework\\src\\Illuminate\\Container\\BoundMethod.php(95): Illuminate\\Container\\Util::unwrapIfClosure(Object(Closure))
#11 C:\\Users\\sergi\\www\\codecanyon-ZMxWK5Nz-stackposts-social-marketing-tool\\stackposts_mainscript_v9.0.0\\vendor\\laravel\\framework\\src\\Illuminate\\Container\\BoundMethod.php(35): Illuminate\\Container\\BoundMethod::callBoundMethod(Object(Illuminate\\Foundation\\Application), Array, Object(Closure))
#12 C:\\Users\\sergi\\www\\codecanyon-ZMxWK5Nz-stackposts-social-marketing-tool\\stackposts_mainscript_v9.0.0\\vendor\\laravel\\framework\\src\\Illuminate\\Container\\Container.php(696): Illuminate\\Container\\BoundMethod::call(Object(Illuminate\\Foundation\\Application), Array, Array, NULL)
#13 C:\\Users\\sergi\\www\\codecanyon-ZMxWK5Nz-stackposts-social-marketing-tool\\stackposts_mainscript_v9.0.0\\vendor\\laravel\\framework\\src\\Illuminate\\Foundation\\Application.php(1151): Illuminate\\Container\\Container->call(Array)
#14 C:\\Users\\sergi\\www\\codecanyon-ZMxWK5Nz-stackposts-social-marketing-tool\\stackposts_mainscript_v9.0.0\\vendor\\laravel\\framework\\src\\Illuminate\\Foundation\\Application.php(1132): Illuminate\\Foundation\\Application->bootProvider(Object(App\\Providers\\AppServiceProvider))
#15 [internal function]: Illuminate\\Foundation\\Application->Illuminate\\Foundation\\{closure}(Object(App\\Providers\\AppServiceProvider), 'App\\\\Providers\\\\A...')
#16 C:\\Users\\sergi\\www\\codecanyon-ZMxWK5Nz-stackposts-social-marketing-tool\\stackposts_mainscript_v9.0.0\\vendor\\laravel\\framework\\src\\Illuminate\\Foundation\\Application.php(1131): array_walk(Array, Object(Closure))
#17 C:\\Users\\sergi\\www\\codecanyon-ZMxWK5Nz-stackposts-social-marketing-tool\\stackposts_mainscript_v9.0.0\\vendor\\laravel\\framework\\src\\Illuminate\\Foundation\\Bootstrap\\BootProviders.php(17): Illuminate\\Foundation\\Application->boot()
#18 C:\\Users\\sergi\\www\\codecanyon-ZMxWK5Nz-stackposts-social-marketing-tool\\stackposts_mainscript_v9.0.0\\vendor\\laravel\\framework\\src\\Illuminate\\Foundation\\Application.php(342): Illuminate\\Foundation\\Bootstrap\\BootProviders->bootstrap(Object(Illuminate\\Foundation\\Application))
#19 C:\\Users\\sergi\\www\\codecanyon-ZMxWK5Nz-stackposts-social-marketing-tool\\stackposts_mainscript_v9.0.0\\vendor\\laravel\\framework\\src\\Illuminate\\Foundation\\Console\\Kernel.php(474): Illuminate\\Foundation\\Application->bootstrapWith(Array)
#20 C:\\Users\\sergi\\www\\codecanyon-ZMxWK5Nz-stackposts-social-marketing-tool\\stackposts_mainscript_v9.0.0\\vendor\\laravel\\framework\\src\\Illuminate\\Foundation\\Console\\Kernel.php(196): Illuminate\\Foundation\\Console\\Kernel->bootstrap()
#21 C:\\Users\\sergi\\www\\codecanyon-ZMxWK5Nz-stackposts-social-marketing-tool\\stackposts_mainscript_v9.0.0\\vendor\\laravel\\framework\\src\\Illuminate\\Foundation\\Application.php(1235): Illuminate\\Foundation\\Console\\Kernel->handle(Object(Symfony\\Component\\Console\\Input\\ArgvInput), Object(Symfony\\Component\\Console\\Output\\ConsoleOutput))
#22 C:\\Users\\sergi\\www\\codecanyon-ZMxWK5Nz-stackposts-social-marketing-tool\\stackposts_mainscript_v9.0.0\\artisan(13): Illuminate\\Foundation\\Application->handleCommand(Object(Symfony\\Component\\Console\\Input\\ArgvInput))
#23 {main}

[previous exception] [object] (PDOException(code: 42S02): SQLSTATE[42S02]: Base table or view not found: 1146 Table 'stackpost.options' doesn't exist at C:\\Users\\sergi\\www\\codecanyon-ZMxWK5Nz-stackposts-social-marketing-tool\\stackposts_mainscript_v9.0.0\\vendor\\laravel\\framework\\src\\Illuminate\\Database\\Connection.php:407)
[stacktrace]
#0 C:\\Users\\sergi\\www\\codecanyon-ZMxWK5Nz-stackposts-social-marketing-tool\\stackposts_mainscript_v9.0.0\\vendor\\laravel\\framework\\src\\Illuminate\\Database\\Connection.php(407): PDO->prepare('select * from `...')
#1 C:\\Users\\sergi\\www\\codecanyon-ZMxWK5Nz-stackposts-social-marketing-tool\\stackposts_mainscript_v9.0.0\\vendor\\laravel\\framework\\src\\Illuminate\\Database\\Connection.php(812): Illuminate\\Database\\Connection->Illuminate\\Database\\{closure}('select * from `...', Array)
#2 C:\\Users\\sergi\\www\\codecanyon-ZMxWK5Nz-stackposts-social-marketing-tool\\stackposts_mainscript_v9.0.0\\vendor\\laravel\\framework\\src\\Illuminate\\Database\\Connection.php(779): Illuminate\\Database\\Connection->runQueryCallback('select * from `...', Array, Object(Closure))
#3 C:\\Users\\sergi\\www\\codecanyon-ZMxWK5Nz-stackposts-social-marketing-tool\\stackposts_mainscript_v9.0.0\\vendor\\laravel\\framework\\src\\Illuminate\\Database\\Connection.php(398): Illuminate\\Database\\Connection->run('select * from `...', Array, Object(Closure))
#4 C:\\Users\\sergi\\www\\codecanyon-ZMxWK5Nz-stackposts-social-marketing-tool\\stackposts_mainscript_v9.0.0\\vendor\\laravel\\framework\\src\\Illuminate\\Database\\Query\\Builder.php(3106): Illuminate\\Database\\Connection->select('select * from `...', Array, true)
#5 C:\\Users\\sergi\\www\\codecanyon-ZMxWK5Nz-stackposts-social-marketing-tool\\stackposts_mainscript_v9.0.0\\vendor\\laravel\\framework\\src\\Illuminate\\Database\\Query\\Builder.php(3091): Illuminate\\Database\\Query\\Builder->runSelect()
#6 C:\\Users\\sergi\\www\\codecanyon-ZMxWK5Nz-stackposts-social-marketing-tool\\stackposts_mainscript_v9.0.0\\vendor\\laravel\\framework\\src\\Illuminate\\Database\\Query\\Builder.php(3676): Illuminate\\Database\\Query\\Builder->Illuminate\\Database\\Query\\{closure}()
#7 C:\\Users\\sergi\\www\\codecanyon-ZMxWK5Nz-stackposts-social-marketing-tool\\stackposts_mainscript_v9.0.0\\vendor\\laravel\\framework\\src\\Illuminate\\Database\\Query\\Builder.php(3090): Illuminate\\Database\\Query\\Builder->onceWithColumns(Array, Object(Closure))
#8 C:\\Users\\sergi\\www\\codecanyon-ZMxWK5Nz-stackposts-social-marketing-tool\\stackposts_mainscript_v9.0.0\\app\\Providers\\AppServiceProvider.php(144): Illuminate\\Database\\Query\\Builder->get()
#9 C:\\Users\\sergi\\www\\codecanyon-ZMxWK5Nz-stackposts-social-marketing-tool\\stackposts_mainscript_v9.0.0\\app\\Providers\\AppServiceProvider.php(69): App\\Providers\\AppServiceProvider->registerDB()
#10 C:\\Users\\sergi\\www\\codecanyon-ZMxWK5Nz-stackposts-social-marketing-tool\\stackposts_mainscript_v9.0.0\\vendor\\laravel\\framework\\src\\Illuminate\\Container\\BoundMethod.php(36): App\\Providers\\AppServiceProvider->boot()
#11 C:\\Users\\sergi\\www\\codecanyon-ZMxWK5Nz-stackposts-social-marketing-tool\\stackposts_mainscript_v9.0.0\\vendor\\laravel\\framework\\src\\Illuminate\\Container\\Util.php(43): Illuminate\\Container\\BoundMethod::Illuminate\\Container\\{closure}()
#12 C:\\Users\\sergi\\www\\codecanyon-ZMxWK5Nz-stackposts-social-marketing-tool\\stackposts_mainscript_v9.0.0\\vendor\\laravel\\framework\\src\\Illuminate\\Container\\BoundMethod.php(95): Illuminate\\Container\\Util::unwrapIfClosure(Object(Closure))
#13 C:\\Users\\sergi\\www\\codecanyon-ZMxWK5Nz-stackposts-social-marketing-tool\\stackposts_mainscript_v9.0.0\\vendor\\laravel\\framework\\src\\Illuminate\\Container\\BoundMethod.php(35): Illuminate\\Container\\BoundMethod::callBoundMethod(Object(Illuminate\\Foundation\\Application), Array, Object(Closure))
#14 C:\\Users\\sergi\\www\\codecanyon-ZMxWK5Nz-stackposts-social-marketing-tool\\stackposts_mainscript_v9.0.0\\vendor\\laravel\\framework\\src\\Illuminate\\Container\\Container.php(696): Illuminate\\Container\\BoundMethod::call(Object(Illuminate\\Foundation\\Application), Array, Array, NULL)
#15 C:\\Users\\sergi\\www\\codecanyon-ZMxWK5Nz-stackposts-social-marketing-tool\\stackposts_mainscript_v9.0.0\\vendor\\laravel\\framework\\src\\Illuminate\\Foundation\\Application.php(1151): Illuminate\\Container\\Container->call(Array)
#16 C:\\Users\\sergi\\www\\codecanyon-ZMxWK5Nz-stackposts-social-marketing-tool\\stackposts_mainscript_v9.0.0\\vendor\\laravel\\framework\\src\\Illuminate\\Foundation\\Application.php(1132): Illuminate\\Foundation\\Application->bootProvider(Object(App\\Providers\\AppServiceProvider))
#17 [internal function]: Illuminate\\Foundation\\Application->Illuminate\\Foundation\\{closure}(Object(App\\Providers\\AppServiceProvider), 'App\\\\Providers\\\\A...')
#18 C:\\Users\\sergi\\www\\codecanyon-ZMxWK5Nz-stackposts-social-marketing-tool\\stackposts_mainscript_v9.0.0\\vendor\\laravel\\framework\\src\\Illuminate\\Foundation\\Application.php(1131): array_walk(Array, Object(Closure))
#19 C:\\Users\\sergi\\www\\codecanyon-ZMxWK5Nz-stackposts-social-marketing-tool\\stackposts_mainscript_v9.0.0\\vendor\\laravel\\framework\\src\\Illuminate\\Foundation\\Bootstrap\\BootProviders.php(17): Illuminate\\Foundation\\Application->boot()
#20 C:\\Users\\sergi\\www\\codecanyon-ZMxWK5Nz-stackposts-social-marketing-tool\\stackposts_mainscript_v9.0.0\\vendor\\laravel\\framework\\src\\Illuminate\\Foundation\\Application.php(342): Illuminate\\Foundation\\Bootstrap\\BootProviders->bootstrap(Object(Illuminate\\Foundation\\Application))
#21 C:\\Users\\sergi\\www\\codecanyon-ZMxWK5Nz-stackposts-social-marketing-tool\\stackposts_mainscript_v9.0.0\\vendor\\laravel\\framework\\src\\Illuminate\\Foundation\\Console\\Kernel.php(474): Illuminate\\Foundation\\Application->bootstrapWith(Array)
#22 C:\\Users\\sergi\\www\\codecanyon-ZMxWK5Nz-stackposts-social-marketing-tool\\stackposts_mainscript_v9.0.0\\vendor\\laravel\\framework\\src\\Illuminate\\Foundation\\Console\\Kernel.php(196): Illuminate\\Foundation\\Console\\Kernel->bootstrap()
#23 C:\\Users\\sergi\\www\\codecanyon-ZMxWK5Nz-stackposts-social-marketing-tool\\stackposts_mainscript_v9.0.0\\vendor\\laravel\\framework\\src\\Illuminate\\Foundation\\Application.php(1235): Illuminate\\Foundation\\Console\\Kernel->handle(Object(Symfony\\Component\\Console\\Input\\ArgvInput), Object(Symfony\\Component\\Console\\Output\\ConsoleOutput))
#24 C:\\Users\\sergi\\www\\codecanyon-ZMxWK5Nz-stackposts-social-marketing-tool\\stackposts_mainscript_v9.0.0\\artisan(13): Illuminate\\Foundation\\Application->handleCommand(Object(Symfony\\Component\\Console\\Input\\ArgvInput))
#25 {main}
"} 
[2025-07-21 01:13:40] production.ERROR: SQLSTATE[42S02]: Base table or view not found: 1146 Table 'stackpost.options' doesn't exist (Connection: mysql, SQL: select * from `options`) {"exception":"[object] (Illuminate\\Database\\QueryException(code: 42S02): SQLSTATE[42S02]: Base table or view not found: 1146 Table 'stackpost.options' doesn't exist (Connection: mysql, SQL: select * from `options`) at C:\\Users\\sergi\\www\\codecanyon-ZMxWK5Nz-stackposts-social-marketing-tool\\stackposts_mainscript_v9.0.0\\vendor\\laravel\\framework\\src\\Illuminate\\Database\\Connection.php:825)
[stacktrace]
#0 C:\\Users\\sergi\\www\\codecanyon-ZMxWK5Nz-stackposts-social-marketing-tool\\stackposts_mainscript_v9.0.0\\vendor\\laravel\\framework\\src\\Illuminate\\Database\\Connection.php(779): Illuminate\\Database\\Connection->runQueryCallback('select * from `...', Array, Object(Closure))
#1 C:\\Users\\sergi\\www\\codecanyon-ZMxWK5Nz-stackposts-social-marketing-tool\\stackposts_mainscript_v9.0.0\\vendor\\laravel\\framework\\src\\Illuminate\\Database\\Connection.php(398): Illuminate\\Database\\Connection->run('select * from `...', Array, Object(Closure))
#2 C:\\Users\\sergi\\www\\codecanyon-ZMxWK5Nz-stackposts-social-marketing-tool\\stackposts_mainscript_v9.0.0\\vendor\\laravel\\framework\\src\\Illuminate\\Database\\Query\\Builder.php(3106): Illuminate\\Database\\Connection->select('select * from `...', Array, true)
#3 C:\\Users\\sergi\\www\\codecanyon-ZMxWK5Nz-stackposts-social-marketing-tool\\stackposts_mainscript_v9.0.0\\vendor\\laravel\\framework\\src\\Illuminate\\Database\\Query\\Builder.php(3091): Illuminate\\Database\\Query\\Builder->runSelect()
#4 C:\\Users\\sergi\\www\\codecanyon-ZMxWK5Nz-stackposts-social-marketing-tool\\stackposts_mainscript_v9.0.0\\vendor\\laravel\\framework\\src\\Illuminate\\Database\\Query\\Builder.php(3676): Illuminate\\Database\\Query\\Builder->Illuminate\\Database\\Query\\{closure}()
#5 C:\\Users\\sergi\\www\\codecanyon-ZMxWK5Nz-stackposts-social-marketing-tool\\stackposts_mainscript_v9.0.0\\vendor\\laravel\\framework\\src\\Illuminate\\Database\\Query\\Builder.php(3090): Illuminate\\Database\\Query\\Builder->onceWithColumns(Array, Object(Closure))
#6 C:\\Users\\sergi\\www\\codecanyon-ZMxWK5Nz-stackposts-social-marketing-tool\\stackposts_mainscript_v9.0.0\\app\\Providers\\AppServiceProvider.php(144): Illuminate\\Database\\Query\\Builder->get()
#7 C:\\Users\\sergi\\www\\codecanyon-ZMxWK5Nz-stackposts-social-marketing-tool\\stackposts_mainscript_v9.0.0\\app\\Providers\\AppServiceProvider.php(69): App\\Providers\\AppServiceProvider->registerDB()
#8 C:\\Users\\sergi\\www\\codecanyon-ZMxWK5Nz-stackposts-social-marketing-tool\\stackposts_mainscript_v9.0.0\\vendor\\laravel\\framework\\src\\Illuminate\\Container\\BoundMethod.php(36): App\\Providers\\AppServiceProvider->boot()
#9 C:\\Users\\sergi\\www\\codecanyon-ZMxWK5Nz-stackposts-social-marketing-tool\\stackposts_mainscript_v9.0.0\\vendor\\laravel\\framework\\src\\Illuminate\\Container\\Util.php(43): Illuminate\\Container\\BoundMethod::Illuminate\\Container\\{closure}()
#10 C:\\Users\\sergi\\www\\codecanyon-ZMxWK5Nz-stackposts-social-marketing-tool\\stackposts_mainscript_v9.0.0\\vendor\\laravel\\framework\\src\\Illuminate\\Container\\BoundMethod.php(95): Illuminate\\Container\\Util::unwrapIfClosure(Object(Closure))
#11 C:\\Users\\sergi\\www\\codecanyon-ZMxWK5Nz-stackposts-social-marketing-tool\\stackposts_mainscript_v9.0.0\\vendor\\laravel\\framework\\src\\Illuminate\\Container\\BoundMethod.php(35): Illuminate\\Container\\BoundMethod::callBoundMethod(Object(Illuminate\\Foundation\\Application), Array, Object(Closure))
#12 C:\\Users\\sergi\\www\\codecanyon-ZMxWK5Nz-stackposts-social-marketing-tool\\stackposts_mainscript_v9.0.0\\vendor\\laravel\\framework\\src\\Illuminate\\Container\\Container.php(696): Illuminate\\Container\\BoundMethod::call(Object(Illuminate\\Foundation\\Application), Array, Array, NULL)
#13 C:\\Users\\sergi\\www\\codecanyon-ZMxWK5Nz-stackposts-social-marketing-tool\\stackposts_mainscript_v9.0.0\\vendor\\laravel\\framework\\src\\Illuminate\\Foundation\\Application.php(1151): Illuminate\\Container\\Container->call(Array)
#14 C:\\Users\\sergi\\www\\codecanyon-ZMxWK5Nz-stackposts-social-marketing-tool\\stackposts_mainscript_v9.0.0\\vendor\\laravel\\framework\\src\\Illuminate\\Foundation\\Application.php(1132): Illuminate\\Foundation\\Application->bootProvider(Object(App\\Providers\\AppServiceProvider))
#15 [internal function]: Illuminate\\Foundation\\Application->Illuminate\\Foundation\\{closure}(Object(App\\Providers\\AppServiceProvider), 'App\\\\Providers\\\\A...')
#16 C:\\Users\\sergi\\www\\codecanyon-ZMxWK5Nz-stackposts-social-marketing-tool\\stackposts_mainscript_v9.0.0\\vendor\\laravel\\framework\\src\\Illuminate\\Foundation\\Application.php(1131): array_walk(Array, Object(Closure))
#17 C:\\Users\\sergi\\www\\codecanyon-ZMxWK5Nz-stackposts-social-marketing-tool\\stackposts_mainscript_v9.0.0\\vendor\\laravel\\framework\\src\\Illuminate\\Foundation\\Bootstrap\\BootProviders.php(17): Illuminate\\Foundation\\Application->boot()
#18 C:\\Users\\sergi\\www\\codecanyon-ZMxWK5Nz-stackposts-social-marketing-tool\\stackposts_mainscript_v9.0.0\\vendor\\laravel\\framework\\src\\Illuminate\\Foundation\\Application.php(342): Illuminate\\Foundation\\Bootstrap\\BootProviders->bootstrap(Object(Illuminate\\Foundation\\Application))
#19 C:\\Users\\sergi\\www\\codecanyon-ZMxWK5Nz-stackposts-social-marketing-tool\\stackposts_mainscript_v9.0.0\\vendor\\laravel\\framework\\src\\Illuminate\\Foundation\\Console\\Kernel.php(474): Illuminate\\Foundation\\Application->bootstrapWith(Array)
#20 C:\\Users\\sergi\\www\\codecanyon-ZMxWK5Nz-stackposts-social-marketing-tool\\stackposts_mainscript_v9.0.0\\vendor\\laravel\\framework\\src\\Illuminate\\Foundation\\Console\\Kernel.php(196): Illuminate\\Foundation\\Console\\Kernel->bootstrap()
#21 C:\\Users\\sergi\\www\\codecanyon-ZMxWK5Nz-stackposts-social-marketing-tool\\stackposts_mainscript_v9.0.0\\vendor\\laravel\\framework\\src\\Illuminate\\Foundation\\Application.php(1235): Illuminate\\Foundation\\Console\\Kernel->handle(Object(Symfony\\Component\\Console\\Input\\ArgvInput), Object(Symfony\\Component\\Console\\Output\\ConsoleOutput))
#22 C:\\Users\\sergi\\www\\codecanyon-ZMxWK5Nz-stackposts-social-marketing-tool\\stackposts_mainscript_v9.0.0\\artisan(13): Illuminate\\Foundation\\Application->handleCommand(Object(Symfony\\Component\\Console\\Input\\ArgvInput))
#23 {main}

[previous exception] [object] (PDOException(code: 42S02): SQLSTATE[42S02]: Base table or view not found: 1146 Table 'stackpost.options' doesn't exist at C:\\Users\\sergi\\www\\codecanyon-ZMxWK5Nz-stackposts-social-marketing-tool\\stackposts_mainscript_v9.0.0\\vendor\\laravel\\framework\\src\\Illuminate\\Database\\Connection.php:407)
[stacktrace]
#0 C:\\Users\\sergi\\www\\codecanyon-ZMxWK5Nz-stackposts-social-marketing-tool\\stackposts_mainscript_v9.0.0\\vendor\\laravel\\framework\\src\\Illuminate\\Database\\Connection.php(407): PDO->prepare('select * from `...')
#1 C:\\Users\\sergi\\www\\codecanyon-ZMxWK5Nz-stackposts-social-marketing-tool\\stackposts_mainscript_v9.0.0\\vendor\\laravel\\framework\\src\\Illuminate\\Database\\Connection.php(812): Illuminate\\Database\\Connection->Illuminate\\Database\\{closure}('select * from `...', Array)
#2 C:\\Users\\sergi\\www\\codecanyon-ZMxWK5Nz-stackposts-social-marketing-tool\\stackposts_mainscript_v9.0.0\\vendor\\laravel\\framework\\src\\Illuminate\\Database\\Connection.php(779): Illuminate\\Database\\Connection->runQueryCallback('select * from `...', Array, Object(Closure))
#3 C:\\Users\\sergi\\www\\codecanyon-ZMxWK5Nz-stackposts-social-marketing-tool\\stackposts_mainscript_v9.0.0\\vendor\\laravel\\framework\\src\\Illuminate\\Database\\Connection.php(398): Illuminate\\Database\\Connection->run('select * from `...', Array, Object(Closure))
#4 C:\\Users\\sergi\\www\\codecanyon-ZMxWK5Nz-stackposts-social-marketing-tool\\stackposts_mainscript_v9.0.0\\vendor\\laravel\\framework\\src\\Illuminate\\Database\\Query\\Builder.php(3106): Illuminate\\Database\\Connection->select('select * from `...', Array, true)
#5 C:\\Users\\sergi\\www\\codecanyon-ZMxWK5Nz-stackposts-social-marketing-tool\\stackposts_mainscript_v9.0.0\\vendor\\laravel\\framework\\src\\Illuminate\\Database\\Query\\Builder.php(3091): Illuminate\\Database\\Query\\Builder->runSelect()
#6 C:\\Users\\sergi\\www\\codecanyon-ZMxWK5Nz-stackposts-social-marketing-tool\\stackposts_mainscript_v9.0.0\\vendor\\laravel\\framework\\src\\Illuminate\\Database\\Query\\Builder.php(3676): Illuminate\\Database\\Query\\Builder->Illuminate\\Database\\Query\\{closure}()
#7 C:\\Users\\sergi\\www\\codecanyon-ZMxWK5Nz-stackposts-social-marketing-tool\\stackposts_mainscript_v9.0.0\\vendor\\laravel\\framework\\src\\Illuminate\\Database\\Query\\Builder.php(3090): Illuminate\\Database\\Query\\Builder->onceWithColumns(Array, Object(Closure))
#8 C:\\Users\\sergi\\www\\codecanyon-ZMxWK5Nz-stackposts-social-marketing-tool\\stackposts_mainscript_v9.0.0\\app\\Providers\\AppServiceProvider.php(144): Illuminate\\Database\\Query\\Builder->get()
#9 C:\\Users\\sergi\\www\\codecanyon-ZMxWK5Nz-stackposts-social-marketing-tool\\stackposts_mainscript_v9.0.0\\app\\Providers\\AppServiceProvider.php(69): App\\Providers\\AppServiceProvider->registerDB()
#10 C:\\Users\\sergi\\www\\codecanyon-ZMxWK5Nz-stackposts-social-marketing-tool\\stackposts_mainscript_v9.0.0\\vendor\\laravel\\framework\\src\\Illuminate\\Container\\BoundMethod.php(36): App\\Providers\\AppServiceProvider->boot()
#11 C:\\Users\\sergi\\www\\codecanyon-ZMxWK5Nz-stackposts-social-marketing-tool\\stackposts_mainscript_v9.0.0\\vendor\\laravel\\framework\\src\\Illuminate\\Container\\Util.php(43): Illuminate\\Container\\BoundMethod::Illuminate\\Container\\{closure}()
#12 C:\\Users\\sergi\\www\\codecanyon-ZMxWK5Nz-stackposts-social-marketing-tool\\stackposts_mainscript_v9.0.0\\vendor\\laravel\\framework\\src\\Illuminate\\Container\\BoundMethod.php(95): Illuminate\\Container\\Util::unwrapIfClosure(Object(Closure))
#13 C:\\Users\\sergi\\www\\codecanyon-ZMxWK5Nz-stackposts-social-marketing-tool\\stackposts_mainscript_v9.0.0\\vendor\\laravel\\framework\\src\\Illuminate\\Container\\BoundMethod.php(35): Illuminate\\Container\\BoundMethod::callBoundMethod(Object(Illuminate\\Foundation\\Application), Array, Object(Closure))
#14 C:\\Users\\sergi\\www\\codecanyon-ZMxWK5Nz-stackposts-social-marketing-tool\\stackposts_mainscript_v9.0.0\\vendor\\laravel\\framework\\src\\Illuminate\\Container\\Container.php(696): Illuminate\\Container\\BoundMethod::call(Object(Illuminate\\Foundation\\Application), Array, Array, NULL)
#15 C:\\Users\\sergi\\www\\codecanyon-ZMxWK5Nz-stackposts-social-marketing-tool\\stackposts_mainscript_v9.0.0\\vendor\\laravel\\framework\\src\\Illuminate\\Foundation\\Application.php(1151): Illuminate\\Container\\Container->call(Array)
#16 C:\\Users\\sergi\\www\\codecanyon-ZMxWK5Nz-stackposts-social-marketing-tool\\stackposts_mainscript_v9.0.0\\vendor\\laravel\\framework\\src\\Illuminate\\Foundation\\Application.php(1132): Illuminate\\Foundation\\Application->bootProvider(Object(App\\Providers\\AppServiceProvider))
#17 [internal function]: Illuminate\\Foundation\\Application->Illuminate\\Foundation\\{closure}(Object(App\\Providers\\AppServiceProvider), 'App\\\\Providers\\\\A...')
#18 C:\\Users\\sergi\\www\\codecanyon-ZMxWK5Nz-stackposts-social-marketing-tool\\stackposts_mainscript_v9.0.0\\vendor\\laravel\\framework\\src\\Illuminate\\Foundation\\Application.php(1131): array_walk(Array, Object(Closure))
#19 C:\\Users\\sergi\\www\\codecanyon-ZMxWK5Nz-stackposts-social-marketing-tool\\stackposts_mainscript_v9.0.0\\vendor\\laravel\\framework\\src\\Illuminate\\Foundation\\Bootstrap\\BootProviders.php(17): Illuminate\\Foundation\\Application->boot()
#20 C:\\Users\\sergi\\www\\codecanyon-ZMxWK5Nz-stackposts-social-marketing-tool\\stackposts_mainscript_v9.0.0\\vendor\\laravel\\framework\\src\\Illuminate\\Foundation\\Application.php(342): Illuminate\\Foundation\\Bootstrap\\BootProviders->bootstrap(Object(Illuminate\\Foundation\\Application))
#21 C:\\Users\\sergi\\www\\codecanyon-ZMxWK5Nz-stackposts-social-marketing-tool\\stackposts_mainscript_v9.0.0\\vendor\\laravel\\framework\\src\\Illuminate\\Foundation\\Console\\Kernel.php(474): Illuminate\\Foundation\\Application->bootstrapWith(Array)
#22 C:\\Users\\sergi\\www\\codecanyon-ZMxWK5Nz-stackposts-social-marketing-tool\\stackposts_mainscript_v9.0.0\\vendor\\laravel\\framework\\src\\Illuminate\\Foundation\\Console\\Kernel.php(196): Illuminate\\Foundation\\Console\\Kernel->bootstrap()
#23 C:\\Users\\sergi\\www\\codecanyon-ZMxWK5Nz-stackposts-social-marketing-tool\\stackposts_mainscript_v9.0.0\\vendor\\laravel\\framework\\src\\Illuminate\\Foundation\\Application.php(1235): Illuminate\\Foundation\\Console\\Kernel->handle(Object(Symfony\\Component\\Console\\Input\\ArgvInput), Object(Symfony\\Component\\Console\\Output\\ConsoleOutput))
#24 C:\\Users\\sergi\\www\\codecanyon-ZMxWK5Nz-stackposts-social-marketing-tool\\stackposts_mainscript_v9.0.0\\artisan(13): Illuminate\\Foundation\\Application->handleCommand(Object(Symfony\\Component\\Console\\Input\\ArgvInput))
#25 {main}
"} 
[2025-07-21 01:13:49] production.ERROR: SQLSTATE[42S02]: Base table or view not found: 1146 Table 'stackpost.options' doesn't exist (Connection: mysql, SQL: select * from `options`) {"exception":"[object] (Illuminate\\Database\\QueryException(code: 42S02): SQLSTATE[42S02]: Base table or view not found: 1146 Table 'stackpost.options' doesn't exist (Connection: mysql, SQL: select * from `options`) at C:\\Users\\sergi\\www\\codecanyon-ZMxWK5Nz-stackposts-social-marketing-tool\\stackposts_mainscript_v9.0.0\\vendor\\laravel\\framework\\src\\Illuminate\\Database\\Connection.php:825)
[stacktrace]
#0 C:\\Users\\sergi\\www\\codecanyon-ZMxWK5Nz-stackposts-social-marketing-tool\\stackposts_mainscript_v9.0.0\\vendor\\laravel\\framework\\src\\Illuminate\\Database\\Connection.php(779): Illuminate\\Database\\Connection->runQueryCallback('select * from `...', Array, Object(Closure))
#1 C:\\Users\\sergi\\www\\codecanyon-ZMxWK5Nz-stackposts-social-marketing-tool\\stackposts_mainscript_v9.0.0\\vendor\\laravel\\framework\\src\\Illuminate\\Database\\Connection.php(398): Illuminate\\Database\\Connection->run('select * from `...', Array, Object(Closure))
#2 C:\\Users\\sergi\\www\\codecanyon-ZMxWK5Nz-stackposts-social-marketing-tool\\stackposts_mainscript_v9.0.0\\vendor\\laravel\\framework\\src\\Illuminate\\Database\\Query\\Builder.php(3106): Illuminate\\Database\\Connection->select('select * from `...', Array, true)
#3 C:\\Users\\sergi\\www\\codecanyon-ZMxWK5Nz-stackposts-social-marketing-tool\\stackposts_mainscript_v9.0.0\\vendor\\laravel\\framework\\src\\Illuminate\\Database\\Query\\Builder.php(3091): Illuminate\\Database\\Query\\Builder->runSelect()
#4 C:\\Users\\sergi\\www\\codecanyon-ZMxWK5Nz-stackposts-social-marketing-tool\\stackposts_mainscript_v9.0.0\\vendor\\laravel\\framework\\src\\Illuminate\\Database\\Query\\Builder.php(3676): Illuminate\\Database\\Query\\Builder->Illuminate\\Database\\Query\\{closure}()
#5 C:\\Users\\sergi\\www\\codecanyon-ZMxWK5Nz-stackposts-social-marketing-tool\\stackposts_mainscript_v9.0.0\\vendor\\laravel\\framework\\src\\Illuminate\\Database\\Query\\Builder.php(3090): Illuminate\\Database\\Query\\Builder->onceWithColumns(Array, Object(Closure))
#6 C:\\Users\\sergi\\www\\codecanyon-ZMxWK5Nz-stackposts-social-marketing-tool\\stackposts_mainscript_v9.0.0\\app\\Providers\\AppServiceProvider.php(144): Illuminate\\Database\\Query\\Builder->get()
#7 C:\\Users\\sergi\\www\\codecanyon-ZMxWK5Nz-stackposts-social-marketing-tool\\stackposts_mainscript_v9.0.0\\app\\Providers\\AppServiceProvider.php(69): App\\Providers\\AppServiceProvider->registerDB()
#8 C:\\Users\\sergi\\www\\codecanyon-ZMxWK5Nz-stackposts-social-marketing-tool\\stackposts_mainscript_v9.0.0\\vendor\\laravel\\framework\\src\\Illuminate\\Container\\BoundMethod.php(36): App\\Providers\\AppServiceProvider->boot()
#9 C:\\Users\\sergi\\www\\codecanyon-ZMxWK5Nz-stackposts-social-marketing-tool\\stackposts_mainscript_v9.0.0\\vendor\\laravel\\framework\\src\\Illuminate\\Container\\Util.php(43): Illuminate\\Container\\BoundMethod::Illuminate\\Container\\{closure}()
#10 C:\\Users\\sergi\\www\\codecanyon-ZMxWK5Nz-stackposts-social-marketing-tool\\stackposts_mainscript_v9.0.0\\vendor\\laravel\\framework\\src\\Illuminate\\Container\\BoundMethod.php(95): Illuminate\\Container\\Util::unwrapIfClosure(Object(Closure))
#11 C:\\Users\\sergi\\www\\codecanyon-ZMxWK5Nz-stackposts-social-marketing-tool\\stackposts_mainscript_v9.0.0\\vendor\\laravel\\framework\\src\\Illuminate\\Container\\BoundMethod.php(35): Illuminate\\Container\\BoundMethod::callBoundMethod(Object(Illuminate\\Foundation\\Application), Array, Object(Closure))
#12 C:\\Users\\sergi\\www\\codecanyon-ZMxWK5Nz-stackposts-social-marketing-tool\\stackposts_mainscript_v9.0.0\\vendor\\laravel\\framework\\src\\Illuminate\\Container\\Container.php(696): Illuminate\\Container\\BoundMethod::call(Object(Illuminate\\Foundation\\Application), Array, Array, NULL)
#13 C:\\Users\\sergi\\www\\codecanyon-ZMxWK5Nz-stackposts-social-marketing-tool\\stackposts_mainscript_v9.0.0\\vendor\\laravel\\framework\\src\\Illuminate\\Foundation\\Application.php(1151): Illuminate\\Container\\Container->call(Array)
#14 C:\\Users\\sergi\\www\\codecanyon-ZMxWK5Nz-stackposts-social-marketing-tool\\stackposts_mainscript_v9.0.0\\vendor\\laravel\\framework\\src\\Illuminate\\Foundation\\Application.php(1132): Illuminate\\Foundation\\Application->bootProvider(Object(App\\Providers\\AppServiceProvider))
#15 [internal function]: Illuminate\\Foundation\\Application->Illuminate\\Foundation\\{closure}(Object(App\\Providers\\AppServiceProvider), 'App\\\\Providers\\\\A...')
#16 C:\\Users\\sergi\\www\\codecanyon-ZMxWK5Nz-stackposts-social-marketing-tool\\stackposts_mainscript_v9.0.0\\vendor\\laravel\\framework\\src\\Illuminate\\Foundation\\Application.php(1131): array_walk(Array, Object(Closure))
#17 C:\\Users\\sergi\\www\\codecanyon-ZMxWK5Nz-stackposts-social-marketing-tool\\stackposts_mainscript_v9.0.0\\vendor\\laravel\\framework\\src\\Illuminate\\Foundation\\Bootstrap\\BootProviders.php(17): Illuminate\\Foundation\\Application->boot()
#18 C:\\Users\\sergi\\www\\codecanyon-ZMxWK5Nz-stackposts-social-marketing-tool\\stackposts_mainscript_v9.0.0\\vendor\\laravel\\framework\\src\\Illuminate\\Foundation\\Application.php(342): Illuminate\\Foundation\\Bootstrap\\BootProviders->bootstrap(Object(Illuminate\\Foundation\\Application))
#19 C:\\Users\\sergi\\www\\codecanyon-ZMxWK5Nz-stackposts-social-marketing-tool\\stackposts_mainscript_v9.0.0\\vendor\\laravel\\framework\\src\\Illuminate\\Foundation\\Console\\Kernel.php(474): Illuminate\\Foundation\\Application->bootstrapWith(Array)
#20 C:\\Users\\sergi\\www\\codecanyon-ZMxWK5Nz-stackposts-social-marketing-tool\\stackposts_mainscript_v9.0.0\\vendor\\laravel\\framework\\src\\Illuminate\\Foundation\\Console\\Kernel.php(196): Illuminate\\Foundation\\Console\\Kernel->bootstrap()
#21 C:\\Users\\sergi\\www\\codecanyon-ZMxWK5Nz-stackposts-social-marketing-tool\\stackposts_mainscript_v9.0.0\\vendor\\laravel\\framework\\src\\Illuminate\\Foundation\\Application.php(1235): Illuminate\\Foundation\\Console\\Kernel->handle(Object(Symfony\\Component\\Console\\Input\\ArgvInput), Object(Symfony\\Component\\Console\\Output\\ConsoleOutput))
#22 C:\\Users\\sergi\\www\\codecanyon-ZMxWK5Nz-stackposts-social-marketing-tool\\stackposts_mainscript_v9.0.0\\artisan(13): Illuminate\\Foundation\\Application->handleCommand(Object(Symfony\\Component\\Console\\Input\\ArgvInput))
#23 {main}

[previous exception] [object] (PDOException(code: 42S02): SQLSTATE[42S02]: Base table or view not found: 1146 Table 'stackpost.options' doesn't exist at C:\\Users\\sergi\\www\\codecanyon-ZMxWK5Nz-stackposts-social-marketing-tool\\stackposts_mainscript_v9.0.0\\vendor\\laravel\\framework\\src\\Illuminate\\Database\\Connection.php:407)
[stacktrace]
#0 C:\\Users\\sergi\\www\\codecanyon-ZMxWK5Nz-stackposts-social-marketing-tool\\stackposts_mainscript_v9.0.0\\vendor\\laravel\\framework\\src\\Illuminate\\Database\\Connection.php(407): PDO->prepare('select * from `...')
#1 C:\\Users\\sergi\\www\\codecanyon-ZMxWK5Nz-stackposts-social-marketing-tool\\stackposts_mainscript_v9.0.0\\vendor\\laravel\\framework\\src\\Illuminate\\Database\\Connection.php(812): Illuminate\\Database\\Connection->Illuminate\\Database\\{closure}('select * from `...', Array)
#2 C:\\Users\\sergi\\www\\codecanyon-ZMxWK5Nz-stackposts-social-marketing-tool\\stackposts_mainscript_v9.0.0\\vendor\\laravel\\framework\\src\\Illuminate\\Database\\Connection.php(779): Illuminate\\Database\\Connection->runQueryCallback('select * from `...', Array, Object(Closure))
#3 C:\\Users\\sergi\\www\\codecanyon-ZMxWK5Nz-stackposts-social-marketing-tool\\stackposts_mainscript_v9.0.0\\vendor\\laravel\\framework\\src\\Illuminate\\Database\\Connection.php(398): Illuminate\\Database\\Connection->run('select * from `...', Array, Object(Closure))
#4 C:\\Users\\sergi\\www\\codecanyon-ZMxWK5Nz-stackposts-social-marketing-tool\\stackposts_mainscript_v9.0.0\\vendor\\laravel\\framework\\src\\Illuminate\\Database\\Query\\Builder.php(3106): Illuminate\\Database\\Connection->select('select * from `...', Array, true)
#5 C:\\Users\\sergi\\www\\codecanyon-ZMxWK5Nz-stackposts-social-marketing-tool\\stackposts_mainscript_v9.0.0\\vendor\\laravel\\framework\\src\\Illuminate\\Database\\Query\\Builder.php(3091): Illuminate\\Database\\Query\\Builder->runSelect()
#6 C:\\Users\\sergi\\www\\codecanyon-ZMxWK5Nz-stackposts-social-marketing-tool\\stackposts_mainscript_v9.0.0\\vendor\\laravel\\framework\\src\\Illuminate\\Database\\Query\\Builder.php(3676): Illuminate\\Database\\Query\\Builder->Illuminate\\Database\\Query\\{closure}()
#7 C:\\Users\\sergi\\www\\codecanyon-ZMxWK5Nz-stackposts-social-marketing-tool\\stackposts_mainscript_v9.0.0\\vendor\\laravel\\framework\\src\\Illuminate\\Database\\Query\\Builder.php(3090): Illuminate\\Database\\Query\\Builder->onceWithColumns(Array, Object(Closure))
#8 C:\\Users\\sergi\\www\\codecanyon-ZMxWK5Nz-stackposts-social-marketing-tool\\stackposts_mainscript_v9.0.0\\app\\Providers\\AppServiceProvider.php(144): Illuminate\\Database\\Query\\Builder->get()
#9 C:\\Users\\sergi\\www\\codecanyon-ZMxWK5Nz-stackposts-social-marketing-tool\\stackposts_mainscript_v9.0.0\\app\\Providers\\AppServiceProvider.php(69): App\\Providers\\AppServiceProvider->registerDB()
#10 C:\\Users\\sergi\\www\\codecanyon-ZMxWK5Nz-stackposts-social-marketing-tool\\stackposts_mainscript_v9.0.0\\vendor\\laravel\\framework\\src\\Illuminate\\Container\\BoundMethod.php(36): App\\Providers\\AppServiceProvider->boot()
#11 C:\\Users\\sergi\\www\\codecanyon-ZMxWK5Nz-stackposts-social-marketing-tool\\stackposts_mainscript_v9.0.0\\vendor\\laravel\\framework\\src\\Illuminate\\Container\\Util.php(43): Illuminate\\Container\\BoundMethod::Illuminate\\Container\\{closure}()
#12 C:\\Users\\sergi\\www\\codecanyon-ZMxWK5Nz-stackposts-social-marketing-tool\\stackposts_mainscript_v9.0.0\\vendor\\laravel\\framework\\src\\Illuminate\\Container\\BoundMethod.php(95): Illuminate\\Container\\Util::unwrapIfClosure(Object(Closure))
#13 C:\\Users\\sergi\\www\\codecanyon-ZMxWK5Nz-stackposts-social-marketing-tool\\stackposts_mainscript_v9.0.0\\vendor\\laravel\\framework\\src\\Illuminate\\Container\\BoundMethod.php(35): Illuminate\\Container\\BoundMethod::callBoundMethod(Object(Illuminate\\Foundation\\Application), Array, Object(Closure))
#14 C:\\Users\\sergi\\www\\codecanyon-ZMxWK5Nz-stackposts-social-marketing-tool\\stackposts_mainscript_v9.0.0\\vendor\\laravel\\framework\\src\\Illuminate\\Container\\Container.php(696): Illuminate\\Container\\BoundMethod::call(Object(Illuminate\\Foundation\\Application), Array, Array, NULL)
#15 C:\\Users\\sergi\\www\\codecanyon-ZMxWK5Nz-stackposts-social-marketing-tool\\stackposts_mainscript_v9.0.0\\vendor\\laravel\\framework\\src\\Illuminate\\Foundation\\Application.php(1151): Illuminate\\Container\\Container->call(Array)
#16 C:\\Users\\sergi\\www\\codecanyon-ZMxWK5Nz-stackposts-social-marketing-tool\\stackposts_mainscript_v9.0.0\\vendor\\laravel\\framework\\src\\Illuminate\\Foundation\\Application.php(1132): Illuminate\\Foundation\\Application->bootProvider(Object(App\\Providers\\AppServiceProvider))
#17 [internal function]: Illuminate\\Foundation\\Application->Illuminate\\Foundation\\{closure}(Object(App\\Providers\\AppServiceProvider), 'App\\\\Providers\\\\A...')
#18 C:\\Users\\sergi\\www\\codecanyon-ZMxWK5Nz-stackposts-social-marketing-tool\\stackposts_mainscript_v9.0.0\\vendor\\laravel\\framework\\src\\Illuminate\\Foundation\\Application.php(1131): array_walk(Array, Object(Closure))
#19 C:\\Users\\sergi\\www\\codecanyon-ZMxWK5Nz-stackposts-social-marketing-tool\\stackposts_mainscript_v9.0.0\\vendor\\laravel\\framework\\src\\Illuminate\\Foundation\\Bootstrap\\BootProviders.php(17): Illuminate\\Foundation\\Application->boot()
#20 C:\\Users\\sergi\\www\\codecanyon-ZMxWK5Nz-stackposts-social-marketing-tool\\stackposts_mainscript_v9.0.0\\vendor\\laravel\\framework\\src\\Illuminate\\Foundation\\Application.php(342): Illuminate\\Foundation\\Bootstrap\\BootProviders->bootstrap(Object(Illuminate\\Foundation\\Application))
#21 C:\\Users\\sergi\\www\\codecanyon-ZMxWK5Nz-stackposts-social-marketing-tool\\stackposts_mainscript_v9.0.0\\vendor\\laravel\\framework\\src\\Illuminate\\Foundation\\Console\\Kernel.php(474): Illuminate\\Foundation\\Application->bootstrapWith(Array)
#22 C:\\Users\\sergi\\www\\codecanyon-ZMxWK5Nz-stackposts-social-marketing-tool\\stackposts_mainscript_v9.0.0\\vendor\\laravel\\framework\\src\\Illuminate\\Foundation\\Console\\Kernel.php(196): Illuminate\\Foundation\\Console\\Kernel->bootstrap()
#23 C:\\Users\\sergi\\www\\codecanyon-ZMxWK5Nz-stackposts-social-marketing-tool\\stackposts_mainscript_v9.0.0\\vendor\\laravel\\framework\\src\\Illuminate\\Foundation\\Application.php(1235): Illuminate\\Foundation\\Console\\Kernel->handle(Object(Symfony\\Component\\Console\\Input\\ArgvInput), Object(Symfony\\Component\\Console\\Output\\ConsoleOutput))
#24 C:\\Users\\sergi\\www\\codecanyon-ZMxWK5Nz-stackposts-social-marketing-tool\\stackposts_mainscript_v9.0.0\\artisan(13): Illuminate\\Foundation\\Application->handleCommand(Object(Symfony\\Component\\Console\\Input\\ArgvInput))
#25 {main}
"} 
